{
  "stats": {
    "suites": 1,
    "tests": 1,
    "passes": 1,
    "pending": 0,
    "failures": 0,
    "start": "2020-09-28T00:21:11.890Z",
    "end": "2020-09-28T00:21:31.980Z",
    "duration": 20090,
    "testsRegistered": 1,
    "passPercent": 100,
    "pendingPercent": 0,
    "other": 0,
    "hasOther": false,
    "skipped": 0,
    "hasSkipped": false
  },
  "results": [
    {
      "uuid": "52943d58-da9e-46c3-83de-8d876e252c69",
      "title": "",
      "fullFile": "cypress/integration/Testes/login.spec.js",
      "file": "cypress/integration/Testes/login.spec.js",
      "beforeHooks": [],
      "afterHooks": [],
      "tests": [],
      "suites": [
        {
          "uuid": "9d102657-6e76-4d90-b1b4-731e7ff38bed",
          "title": "Utilizadores",
          "fullFile": "",
          "file": "",
          "beforeHooks": [],
          "afterHooks": [],
          "tests": [
            {
              "title": "criar novo utilizador",
              "fullTitle": "Utilizadores criar novo utilizador",
              "timedOut": null,
              "duration": 19862,
              "state": "passed",
              "speed": "slow",
              "pass": true,
              "fail": false,
              "pending": false,
              "context": null,
              "code": "cy.visit('/index.php'); // cy.get('.login').click()\ncy.get('a[class=\"login\"]').click({\n  multiple: true\n});\ncy.get('input[id=\"email_create\"]').type(chance.email());\ncy.get('button[id=\"SubmitCreate\"]').click();\ncy.get('input[id=\"id_gender1\"]').click();\ncy.get('input[id=\"customer_firstname\"]').type(chance.first());\ncy.get('input[id=\"customer_lastname\"]').type(chance.last());\ncy.get('input[id=\"passwd\"]').type('Portug@5');\ncy.get('input[id=\"firstname\"]').type(chance.first());\ncy.get('input[id=\"lastname\"]').type(chance.last());\ncy.get('input[id=\"address1\"]').type('Rua da saudade');\ncy.get('input[id=\"city\"]').type('Aparecida de Goiania');\ncy.get('select[id=\"id_state\"]').select('1');\ncy.get('input[id=\"postcode\"]').type('12345');\ncy.get('select[id=\"id_country\"]').type('21');\ncy.get('input[id=\"phone_mobile\"]').type(chance.phone());\ncy.get('input[id=\"alias\"]').clear();\ncy.get('input[id=\"alias\"]').type(chance.email());\ncy.get('button[id=\"submitAccount\"]').click();\ncy.get('p[class=\"info-account\"]').should('contain', 'Welcome to your account.');",
              "err": {},
              "uuid": "c111d6ab-b4f9-48cc-b427-9b8ae3f27580",
              "parentUUID": "9d102657-6e76-4d90-b1b4-731e7ff38bed",
              "isHook": false,
              "skipped": false
            }
          ],
          "suites": [],
          "passes": [
            "c111d6ab-b4f9-48cc-b427-9b8ae3f27580"
          ],
          "failures": [],
          "pending": [],
          "skipped": [],
          "duration": 19862,
          "root": false,
          "rootEmpty": false,
          "_timeout": 2000
        }
      ],
      "passes": [],
      "failures": [],
      "pending": [],
      "skipped": [],
      "duration": 0,
      "root": true,
      "rootEmpty": true,
      "_timeout": 2000
    }
  ],
  "meta": {
    "mocha": {
      "version": "7.0.1"
    },
    "mochawesome": {
      "options": {
        "quiet": true,
        "reportFilename": "mochawesome",
        "saveHtml": false,
        "saveJson": true,
        "consoleReporter": "spec",
        "useInlineDiffs": false,
        "code": true
      },
      "version": "6.1.1"
    },
    "marge": {
      "options": {
        "id": "default",
        "reportDir": "mochawesome-report",
        "quiet": "true",
        "overwrite": false,
        "html": false,
        "json": true
      },
      "version": "5.1.0"
    }
  }
}